| 148       | 1.024e+03 | False     | 76.93     | 10.69     | 111.1     | 6.964e+03 |
Latitude: 62.195501224576375, Longitude: -93.56032963786595
| 149       | 1.024e+03 | False     | 268.0     | -11.14    | 77.08     | 6.751e+03 |
Latitude: 55.82628060755234, Longitude: 0.30997663155774546
| 150       | 1.024e+03 | False     | 51.31     | -4.917    | 9.586     | 6.715e+03 |
Latitude: -31.82349837043307, Longitude: 77.90075629145657
| 151       | 1.024e+03 | False     | 242.8     | 11.99     | 28.99     | 6.764e+03 |
Latitude: -55.39917459098456, Longitude: -43.35407048181327
| 152       | 1.024e+03 | False     | 74.75     | 16.69     | 256.1     | 6.893e+03 |
Latitude: 39.00216745474599, Longitude: -71.47502685275737
| 153       | 1.024e+03 | False     | 109.6     | 13.39     | 156.7     | 7.04e+03  |
Latitude: -39.66997249802004, Longitude: 40.17069079406208
| 154       | 1.024e+03 | False     | 254.2     | -0.8787   | 45.44     | 7.061e+03 |
Latitude: 38.32675080106039, Longitude: 134.37556997915843
| 155       | 1.024e+03 | False     | 57.54     | -11.9     | 155.2     | 6.833e+03 |
Latitude: 14.516660611123884, Longitude: -23.336907086551776
| 156       | 1.024e+03 | False     | 52.83     | 9.173     | 67.95     | 6.929e+03 |
Latitude: 48.80787351886446, Longitude: 94.7569641554555
| 157       | 1.024e+03 | False     | 271.6     | -11.57    | 216.3     | 6.971e+03 |
Latitude: -39.44256559740955, Longitude: -1.561387792721348
| 158       | 1.024e+03 | False     | 229.8     | 3.885     | 106.4     | 6.964e+03 |
Latitude: -9.2788432695708, Longitude: 49.621051012621535
| 159       | 1.024e+03 | False     | 340.3     | -2.978    | 281.6     | 6.693e+03 |
Latitude: 14.52230954391541, Longitude: 97.03331457936409
| 160       | 1.024e+03 | False     | 300.7     | -12.31    | 142.2     | 6.791e+03 |
Latitude: -27.178889467926155, Longitude: 130.47596072087222
| 161       | 1.024e+03 | False     | 28.84     | 16.19     | 133.3     | 6.883e+03 |
Latitude: -45.780614919620895, Longitude: 67.89684696547553
| 162       | 1.024e+03 | False     | 177.9     | -14.71    | 74.32     | 6.701e+03 |
Latitude: 6.50641851581325, Longitude: -87.33162071091783
| 163       | 1.024e+03 | False     | 182.9     | -9.538    | 128.5     | 6.714e+03 |
Latitude: 1.6577774014880646, Longitude: -88.20330737658293
| 164       | 1.024e+03 | False     | 283.5     | -15.74    | 354.9     | 6.742e+03 |
Latitude: 35.06427498557842, Longitude: -114.81483011957917
| 165       | 1.024e+03 | False     | 206.1     | -18.21    | 283.4     | 6.747e+03 |
Latitude: -10.215467882290843, Longitude: -93.73096370213898
| 166       | 1.024e+03 | False     | 190.0     | 9.603     | 53.98     | 6.891e+03 |
Latitude: -47.98923682879472, Longitude: -93.97798131702905
| 167       | 1.024e+03 | False     | 77.98     | 10.37     | 260.2     | 6.742e+03 |
Latitude: -20.693946556501754, Longitude: 2.920382650137995
| 168       | 1.024e+03 | False     | 310.3     | -19.21    | 309.7     | 6.895e+03 |
Latitude: -40.37626668778737, Longitude: 18.83356448943957
| 169       | 1.024e+03 | False     | 145.2     | 10.35     | 258.1     | 7.066e+03 |
Latitude: -45.40129113074427, Longitude: 133.1842796119443
| 170       | 1.024e+03 | False     | 100.1     | -19.85    | 336.2     | 7.014e+03 |
Latitude: 35.2524020448874, Longitude: 113.62002786293438
| 171       | 1.024e+03 | False     | 262.4     | 0.6676    | 254.5     | 6.983e+03 |
Latitude: -69.5039637388697, Longitude: 6.408371608445684
| 172       | 1.024e+03 | False     | 135.0     | 10.81     | 270.2     | 6.916e+03 |
Latitude: 58.26870008779435, Longitude: 42.96685837378109
| 173       | 1.024e+03 | False     | 144.7     | 7.892     | 1.121     | 6.981e+03 |
Latitude: 52.17440524781329, Longitude: 80.34951897329644
| 174       | 1.024e+03 | False     | 322.7     | -10.43    | 43.48     | 6.759e+03 |
Latitude: 21.92005157713469, Longitude: 130.814076468646
| 175       | 1.024e+03 | False     | 108.8     | 15.32     | 195.5     | 6.786e+03 |
Latitude: -56.98274069462815, Longitude: 154.8898307805603
| 176       | 1.024e+03 | False     | 49.81     | -8.394    | 221.0     | 6.801e+03 |
Latitude: -51.87175005112262, Longitude: -128.52528683792946
| 177       | 1.024e+03 | False     | 164.6     | -2.235    | 298.1     | 6.842e+03 |
Latitude: 40.908821745755354, Longitude: 138.20138777735397
| 178       | 1.024e+03 | False     | 124.5     | 6.999     | 79.73     | 6.858e+03 |
Latitude: -69.40263911713853, Longitude: -16.262663882129118
| 179       | 1.024e+03 | False     | 113.3     | 5.074     | 315.8     | 6.85e+03  |
Latitude: -57.679414388296365, Longitude: 2.6443741916616332
| 180       | 1.024e+03 | False     | 282.4     | -1.721    | 236.2     | 6.724e+03 |
Latitude: -35.15043054976798, Longitude: -90.6164124584036
| 181       | 1.024e+03 | False     | 155.9     | 16.37     | 218.0     | 6.978e+03 |
Latitude: -4.476940827695246, Longitude: -52.04270404298438
| 182       | 1.024e+03 | False     | 181.7     | -0.07778  | 303.4     | 6.698e+03 |
Latitude: -55.13626839594324, Longitude: 74.10416215982801
| 183       | 1.024e+03 | False     | 206.4     | 17.71     | 186.4     | 6.749e+03 |
Latitude: 28.958983614518345, Longitude: 109.17336657036196
| 184       | 1.024e+03 | False     | 305.3     | -9.934    | 252.3     | 6.887e+03 |
Latitude: -49.96153287890366, Longitude: 172.60246172087304
| 185       | 1.024e+03 | False     | 341.6     | 4.973     | 301.7     | 6.674e+03 |
Latitude: 46.24700077595115, Longitude: 152.12360276933492
| 186       | 1.024e+03 | False     | 356.2     | -16.89    | 116.0     | 7.049e+03 |
Latitude: 19.79162752080446, Longitude: 8.165772581504623
| 187       | 1.024e+03 | False     | 3.218     | 12.91     | 310.0     | 6.847e+03 |
Latitude: -25.446931864460673, Longitude: -17.12542638953039
| 188       | 1.024e+03 | False     | 92.07     | 12.11     | 172.0     | 6.725e+03 |
Latitude: -7.488277232172035, Longitude: 76.46267761516299
| 189       | 1.024e+03 | False     | 334.0     | 15.84     | 177.0     | 7.014e+03 |
Latitude: 59.81216886690937, Longitude: -169.9899068539852
| 190       | 1.024e+03 | False     | 150.7     | 7.339     | 143.3     | 6.873e+03 |
Latitude: -14.100591784022667, Longitude: 154.2042337952489
| 191       | 1.024e+03 | False     | 68.24     | 18.6      | 105.9     | 6.712e+03 |
Latitude: -33.25885825918283, Longitude: -89.1272602910787
| 192       | 1.024e+03 | False     | 51.95     | -19.44    | 257.7     | 6.897e+03 |
Latitude: 16.142621764915635, Longitude: 48.512405115440195
| 193       | 1.024e+03 | False     | 286.0     | 0.2832    | 285.1     | 6.949e+03 |
Latitude: 32.77579979390321, Longitude: 144.21650707429396
| 194       | 1.024e+03 | False     | 280.0     | -3.741    | 233.2     | 6.743e+03 |
Latitude: -29.67326062593471, Longitude: 8.572120842719865
| 195       | 1.024e+03 | False     | 115.9     | -13.1     | 147.1     | 6.768e+03 |
Latitude: 9.105077290367147, Longitude: 75.4100264927963
| 196       | 1.024e+03 | False     | 146.5     | 19.01     | 115.3     | 7.064e+03 |
Latitude: 66.61324303450414, Longitude: -15.905015786896627
| 197       | 1.024e+03 | False     | 229.1     | -4.996    | 308.7     | 6.919e+03 |
Latitude: -47.70960493015431, Longitude: 158.81456172144598
| 198       | 1.024e+03 | False     | 90.73     | 11.71     | 155.9     | 6.814e+03 |
Latitude: 55.53423732460996, Longitude: 119.59844325073301
| 199       | 1.024e+03 | False     | 118.9     | 7.895     | 96.71     | 6.994e+03 |
Latitude: 52.55833868741991, Longitude: -30.77958297647706
| 200       | 1.024e+03 | False     | 106.3     | 1.765     | 175.7     | 7.013e+03 |
Latitude: -47.159422409083085, Longitude: 169.62753084883946
| 201       | 1.024e+03 | False     | 2.779     | -13.53    | 255.4     | 6.977e+03 |
Latitude: 17.862301087779635, Longitude: 170.2995645047412
| 202       | 1.024e+03 | False     | 159.3     | -3.461    | 197.2     | 6.969e+03 |
Latitude: 56.832240933831265, Longitude: -47.32593961414818
| 203       | 1.024e+03 | False     | 224.4     | -11.07    | 345.3     | 6.993e+03 |
Latitude: -14.410938899560655, Longitude: 17.2686416956017
| 204       | 1.024e+03 | False     | 7.634     | 12.32     | 347.3     | 6.952e+03 |
Latitude: -14.180214021951677, Longitude: -147.71829202037563
| 205       | 1.024e+03 | False     | 131.2     | -19.1     | 54.87     | 7.06e+03  |
Latitude: -35.802028174621356, Longitude: 120.85377912926835
| 206       | 1.024e+03 | False     | 358.3     | -6.993    | 294.1     | 6.689e+03 |
Latitude: -13.81314822667806, Longitude: -171.37846492654813
| 207       | 1.024e+03 | False     | 353.2     | -9.183    | 291.2     | 6.85e+03  |
Latitude: -43.46455121276828, Longitude: -85.56178943010008
| 208       | 1.024e+03 | False     | 117.0     | 5.431     | 144.2     | 6.972e+03 |
Latitude: 43.60019439144314, Longitude: 77.52210129080143
| 209       | 1.024e+03 | False     | 110.1     | 7.066     | 198.5     | 6.797e+03 |
Latitude: 19.068287272188908, Longitude: -115.72755691632034
| 210       | 1.024e+03 | False     | 143.0     | -12.23    | 19.03     | 6.809e+03 |
Latitude: 64.4323043671222, Longitude: 161.62988827943892
| 211       | 1.024e+03 | False     | 3.407     | 2.008     | 58.32     | 6.862e+03 |
Latitude: -32.010988067398095, Longitude: -108.19423180751332
| 212       | 1.024e+03 | False     | 119.6     | -0.6083   | 150.1     | 6.999e+03 |
Latitude: -43.27181118940382, Longitude: 179.07456709350146
| 213       | 1.024e+03 | False     | 84.26     | -2.12     | 198.0     | 7.051e+03 |
Latitude: 52.73085124602557, Longitude: -177.20917135926135
| 214       | 1.024e+03 | False     | 42.43     | 2.021     | 176.9     | 6.729e+03 |
Latitude: -15.711532691245353, Longitude: 123.27445032093338
| 215       | 1.024e+03 | False     | 94.58     | -19.13    | 60.29     | 6.928e+03 |
Latitude: 41.5173380835115, Longitude: -46.464091344224016
| 216       | 1.024e+03 | False     | 70.59     | -3.985    | 185.5     | 6.699e+03 |
Latitude: -16.832643021157466, Longitude: 55.27916525388892
| 217       | 1.024e+03 | False     | 65.08     | -9.129    | 289.3     | 6.93e+03  |
Latitude: 17.922790458654475, Longitude: -119.61740086352694
| 218       | 1.024e+03 | False     | 48.14     | 0.3139    | 320.1     | 6.898e+03 |
Latitude: 36.58763748482853, Longitude: 135.18052555889875
| 219       | 1.024e+03 | False     | 54.59     | -11.83    | 242.1     | 7.021e+03 |
Latitude: -45.66148496508526, Longitude: 150.66094073802324
| 220       | 1.024e+03 | False     | 294.5     | -13.46    | 5.412     | 6.735e+03 |
=====================================================================================
Best Parameters Found: {'target': 1024.0, 'params': {'arg_perigree': 218.55389831008577, 'inclination': -3.4565433999535458, 'raan': 293.8865442577971, 'semi_major_axis': 6745.052159307612}, 'constraint': 0.7492997252107478}
divyanshjain@Divyanshs-Air Orbitronix % 