cd /Users/divyanshjain/Desktop/Orbitronix
/usr/local/bin/python3 /Users/divyanshjain/Desktop/Orbitronix/bayesian_optimisation_2.py
divyanshjain@Divyanshs-Air Orbitronix % cd /Users/divyanshjain/Desktop/Orbitronix
divyanshjain@Divyanshs-Air Orbitronix % /usr/local/bin/python3 /Users/divyanshjain/Desktop/Orbitronix/bayesian_optimisation_2.py
|   iter    |  target   |  allowed  | arg_pe... | inclin... |   raan    | semi_m... |
-------------------------------------------------------------------------------------
Latitude: 34.51021568897277, Longitude: 89.15410729224305
| 1         | 1.024e+03 | False     | 150.1     | 8.813     | 0.04117   | 6.792e+03 |
Latitude: 34.100627787379835, Longitude: -37.24118956476326
| 2         | 1.024e+03 | False     | 52.83     | -16.31    | 67.05     | 6.809e+03 |
Latitude: 64.21847248867243, Longitude: -19.44515709574779
| 3         | 1.024e+03 | False     | 142.8     | 1.553     | 150.9     | 6.945e+03 |
Latitude: 32.287590401287524, Longitude: -120.09955365663473
| 4         | 1.024e+03 | False     | 73.6      | 15.12     | 9.86      | 6.939e+03 |
Latitude: 41.645605837270246, Longitude: 123.28465295445366
| 5         | 1.024e+03 | False     | 150.2     | 2.348     | 50.54     | 6.75e+03  |
Latitude: -6.805336215920592, Longitude: -100.40877101973314
| 6         | 1.024e+03 | False     | 288.3     | 18.73     | 112.8     | 6.948e+03 |
Latitude: -4.359033205127583, Longitude: 69.32116592560814
| 7         | 1.024e+03 | False     | 315.5     | 15.78     | 30.62     | 6.687e+03 |
Latitude: 33.59959204634856, Longitude: -59.73709139087015
| 8         | 1.024e+03 | False     | 61.14     | 15.13     | 35.4      | 6.839e+03 |
Latitude: 69.10633481986198, Longitude: 67.90871229861906
| 9         | 1.024e+03 | False     | 344.8     | 1.327     | 249.1     | 6.797e+03 |
Latitude: 42.18065185481969, Longitude: -50.32233030670574
| 10        | 1.024e+03 | False     | 247.1     | 13.39     | 6.584     | 6.971e+03 |
Latitude: -27.360670937358837, Longitude: 45.770924398123356
| 11        | 1.024e+03 | False     | 356.0     | 9.927     | 101.0     | 6.987e+03 |
Latitude: -56.60941165821259, Longitude: 123.12781222505632
| 12        | 1.024e+03 | False     | 37.16     | -2.084    | 327.1     | 6.788e+03 |
Latitude: -48.2283196390374, Longitude: 66.97631124163023
| 13        | 1.024e+03 | False     | 103.6     | -14.8     | 6.972     | 6.943e+03 |
Latitude: -2.659767258493979, Longitude: 173.9570968111041
| 14        | 1.024e+03 | False     | 76.19     | -9.378    | 177.0     | 6.692e+03 |
Latitude: -64.0752169722879, Longitude: -110.27774055459264
| 15        | 1.024e+03 | False     | 206.7     | -14.13    | 212.1     | 6.951e+03 |
Latitude: 17.06338860848462, Longitude: -5.442194103414636
| 16        | 1.024e+03 | False     | 36.84     | -3.438    | 250.0     | 6.837e+03 |
Latitude: 79.70446419225452, Longitude: -59.56209173399293
| 17        | 1.024e+03 | False     | 17.98     | 1.436     | 239.0     | 6.877e+03 |
Latitude: -18.045530132813383, Longitude: 21.381672476274478
| 18        | 1.024e+03 | False     | 340.1     | 3.462     | 325.2     | 6.726e+03 |
Latitude: -15.28637289320003, Longitude: 135.2902779028662
| 19        | 1.024e+03 | False     | 50.14     | 12.3      | 143.2     | 6.737e+03 |
Latitude: 11.042083871244005, Longitude: -73.40713923271409
| 20        | 1.024e+03 | False     | 333.9     | -6.089    | 270.3     | 6.961e+03 |
Latitude: -72.44888134551643, Longitude: -146.7783947232024
| 21        | 1.024e+03 | False     | 318.0     | 4.947     | 270.3     | 6.811e+03 |
Latitude: -7.190581629429504, Longitude: -164.5774147888406
| 22        | 1.024e+03 | False     | 97.17     | 15.84     | 154.1     | 7.057e+03 |
Latitude: -48.596724767759895, Longitude: 177.17616446447084
| 23        | 1.024e+03 | False     | 238.8     | 4.868     | 41.31     | 7.051e+03 |
Latitude: 0.34484346022753787, Longitude: -129.0272470993105
| 24        | 1.024e+03 | False     | 162.0     | 3.136     | 146.9     | 6.766e+03 |
Latitude: 11.08987765367423, Longitude: 106.04672034308135
| 25        | 1.024e+03 | False     | 325.2     | 2.947     | 1.033     | 6.918e+03 |
Latitude: 59.91971656607471, Longitude: 136.59751115989116
| 26        | 1.024e+03 | False     | 117.6     | 1.082     | 318.9     | 6.814e+03 |
Latitude: -48.838000497765684, Longitude: -66.33147954319304
| 27        | 1.024e+03 | False     | 327.1     | 4.934     | 5.696     | 7.043e+03 |
Latitude: 49.28711424131156, Longitude: 144.15857447963722
| 28        | 1.024e+03 | False     | 248.7     | 19.89     | 62.04     | 6.726e+03 |
Latitude: 59.42004570432169, Longitude: -101.85324833722115
| 29        | 1.024e+03 | False     | 335.7     | 7.873     | 23.76     | 6.973e+03 |
Latitude: -54.11139277657902, Longitude: 49.62762509031235
| 30        | 1.024e+03 | False     | 271.4     | 16.92     | 256.1     | 6.721e+03 |
Latitude: -5.825834623008344, Longitude: 86.94701026082156
| 31        | 1.024e+03 | False     | 7.157     | -18.95    | 10.19     | 6.769e+03 |
Latitude: 54.11354497371108, Longitude: -142.7667979911266
| 32        | 1.024e+03 | False     | 309.6     | 1.553     | 199.0     | 7.008e+03 |
Latitude: -29.963075159494924, Longitude: -158.9901127998249
| 33        | 1.024e+03 | False     | 44.7      | -8.833    | 210.9     | 7.059e+03 |
Latitude: -22.6985180236219, Longitude: 172.67554778201213
| 34        | 1.024e+03 | False     | 202.0     | -19.25    | 288.2     | 6.764e+03 |
Latitude: 57.667243363448115, Longitude: 164.8498104920268
| 35        | 1.024e+03 | False     | 290.6     | -4.486    | 310.9     | 6.97e+03  |
Latitude: -53.142608221787285, Longitude: -73.64906059554164
| 36        | 1.024e+03 | False     | 200.2     | -14.54    | 21.57     | 6.72e+03  |
Latitude: -0.44468362594949, Longitude: 10.235163875301836
| 37        | 1.024e+03 | False     | 16.04     | -15.7     | 81.26     | 6.956e+03 |
Latitude: -32.18731065048353, Longitude: -2.7575807972178836
| 38        | 1.024e+03 | False     | 201.5     | -19.5     | 25.91     | 7.058e+03 |
Latitude: 37.308984944199544, Longitude: 92.10982589488925
| 39        | 1.024e+03 | False     | 204.5     | -11.87    | 90.84     | 6.969e+03 |
Latitude: -6.43403494965923, Longitude: -134.51442926370595
| 40        | 1.024e+03 | False     | 70.35     | 3.254     | 349.2     | 7.01e+03  |
Latitude: -14.053635476802373, Longitude: 119.77556966511739
| 41        | 1.024e+03 | False     | 86.35     | -0.2492   | 223.2     | 7.003e+03 |
Latitude: -23.33063108470958, Longitude: -104.0701103299678
| 42        | 1.024e+03 | False     | 56.44     | -19.26    | 25.21     | 6.866e+03 |
Latitude: 20.984062386328333, Longitude: 64.98830933285574
| 43        | 1.024e+03 | False     | 218.3     | 2.754     | 114.3     | 7.066e+03 |
Latitude: 59.28297478320731, Longitude: 173.51346008600675
| 44        | 1.024e+03 | False     | 208.7     | -4.794    | 198.3     | 6.969e+03 |
Latitude: -1.2396910675484745, Longitude: 4.450085239593527
| 45        | 1.024e+03 | False     | 240.9     | -9.403    | 23.88     | 6.819e+03 |
Latitude: 45.55465623032001, Longitude: -127.35179211101666
| 46        | 1.024e+03 | False     | 226.7     | -11.59    | 271.0     | 6.698e+03 |
Latitude: -21.434355421622566, Longitude: -61.34358022510929
| 47        | 1.024e+03 | False     | 93.71     | 12.19     | 69.64     | 6.927e+03 |
Latitude: -52.307317186698185, Longitude: 172.15483794937072
| 48        | 1.024e+03 | False     | 188.9     | 16.99     | 94.79     | 6.697e+03 |
Latitude: -49.67190583050471, Longitude: -15.769286126421264
| 49        | 1.024e+03 | False     | 264.6     | 10.89     | 326.8     | 7.044e+03 |
Latitude: 46.521873789107175, Longitude: 109.2810957456792
| 50        | 1.024e+03 | False     | 5.023     | -10.63    | 222.0     | 7.051e+03 |
Latitude: 47.27649516011315, Longitude: -160.30936429483376
| 51        | 1.024e+03 | False     | 342.1     | 2.266     | 329.6     | 6.928e+03 |
Latitude: -31.82085835372318, Longitude: 125.37275224617973
| 52        | 1.024e+03 | False     | 140.4     | -0.5604   | 217.6     | 6.891e+03 |
Latitude: -43.43575269945674, Longitude: -143.4621517091498
| 53        | 1.024e+03 | False     | 333.4     | 16.75     | 142.2     | 7.056e+03 |
Latitude: -43.43952894137375, Longitude: -37.572794265915206
| 54        | 1.024e+03 | False     | 62.62     | -14.95    | 48.63     | 6.873e+03 |
Latitude: -42.874354974991135, Longitude: -37.104818993169886
| 55        | 1.024e+03 | False     | 7.749     | 17.92     | 297.8     | 6.677e+03 |
Latitude: -23.842992936978742, Longitude: 113.83581476423545
| 56        | 1.024e+03 | False     | 63.43     | -6.717    | 47.16     | 6.995e+03 |
Latitude: -50.053379069896025, Longitude: 86.09455576310108
| 57        | 1.024e+03 | False     | 124.1     | 17.6      | 209.5     | 7.023e+03 |
Latitude: -28.893445184554025, Longitude: 178.13150874167684
| 58        | 1.024e+03 | False     | 304.1     | 16.22     | 165.6     | 6.89e+03  |
Latitude: -47.457538112968074, Longitude: 74.19984802057871
| 59        | 1.024e+03 | False     | 287.5     | -8.571    | 176.5     | 6.911e+03 |
Latitude: -31.688593528254444, Longitude: -37.82447966616934
| 60        | 1.024e+03 | False     | 5.592     | 3.739     | 156.1     | 6.994e+03 |
Latitude: -0.433395572741648, Longitude: 137.09074030022816
| 61        | 1.024e+03 | False     | 113.5     | 15.72     | 208.0     | 6.745e+03 |
Latitude: -75.57348331608753, Longitude: 119.25732643540674
| 62        | 1.024e+03 | False     | 283.7     | 4.481     | 19.41     | 6.839e+03 |
Latitude: -43.32540169184134, Longitude: -1.671309159006853
| 63        | 1.024e+03 | False     | 244.5     | 16.74     | 0.1447    | 7.062e+03 |
Latitude: 5.808080415164483, Longitude: 164.639738386101
| 64        | 1.024e+03 | False     | 135.6     | 18.95     | 217.7     | 7.003e+03 |
Latitude: -62.39888067126167, Longitude: 53.9777453875281
| 65        | 1.024e+03 | False     | 206.9     | 5.123     | 102.8     | 6.906e+03 |
Latitude: 62.4717379264807, Longitude: 90.81053275203445
| 66        | 1.024e+03 | False     | 270.0     | 14.33     | 271.8     | 6.95e+03  |
Latitude: -46.456786113480355, Longitude: 42.97461297797125
| 67        | 1.024e+03 | False     | 311.2     | -7.093    | 241.5     | 6.851e+03 |
Latitude: 24.102487370845054, Longitude: 86.43819239943024
| 68        | 1.024e+03 | False     | 137.6     | -3.568    | 144.5     | 6.798e+03 |
Latitude: -20.001180588652243, Longitude: -36.116152228338365
| 69        | 1.024e+03 | False     | 223.9     | -2.79     | 350.6     | 6.942e+03 |
Latitude: -11.8729007625492, Longitude: -94.07072671758885
| 70        | 1.024e+03 | False     | 71.49     | -2.932    | 123.6     | 6.99e+03  |
Latitude: -25.131430829141426, Longitude: 80.15058501485359
| 71        | 1.024e+03 | False     | 316.8     | 16.15     | 238.6     | 6.779e+03 |
Latitude: 56.95628303220637, Longitude: 65.09949322582324
| 72        | 1.024e+03 | False     | 90.85     | 14.2      | 190.0     | 6.992e+03 |
Latitude: 5.668373879497493, Longitude: -67.59663313121263
| 73        | 1.024e+03 | False     | 206.1     | 9.326     | 186.8     | 6.979e+03 |
Latitude: -53.453905406370566, Longitude: 37.264704090215574
| 74        | 1.024e+03 | False     | 204.8     | -1.372    | 123.4     | 6.698e+03 |
Latitude: 54.348291923165355, Longitude: -127.77727589716969
| 75        | 1.024e+03 | False     | 136.1     | -16.81    | 353.8     | 6.744e+03 |
Latitude: 39.92923474541665, Longitude: -153.22117526143276
| 76        | 1.024e+03 | False     | 292.3     | 15.0      | 247.8     | 6.899e+03 |
Latitude: -62.955069050151096, Longitude: 103.07613351151431
| 77        | 1.024e+03 | False     | 57.95     | -1.325    | 124.3     | 6.761e+03 |
Latitude: -48.104428537849586, Longitude: 142.5546332353172
| 78        | 1.024e+03 | False     | 213.3     | -7.509    | 329.9     | 7.035e+03 |
Latitude: -8.214810268371409, Longitude: 82.0172356519676
| 79        | 1.024e+03 | False     | 92.56     | -15.56    | 69.47     | 6.871e+03 |
Latitude: 42.53259866850192, Longitude: 22.25272944449921
| 80        | 1.024e+03 | False     | 262.3     | -11.67    | 89.29     | 7.012e+03 |
Latitude: -57.01061803510332, Longitude: -66.1630955390412
| 81        | 1.024e+03 | False     | 149.7     | 4.667     | 84.12     | 6.712e+03 |
Latitude: -49.63852093388778, Longitude: -175.11989198652043
| 82        | 1.024e+03 | False     | 185.7     | -0.9144   | 54.96     | 6.92e+03  |
Latitude: -6.749198107470124, Longitude: 23.549950284651754
| 83        | 1.024e+03 | False     | 195.8     | 6.165     | 52.04     | 6.972e+03 |
Latitude: 38.000202806193585, Longitude: -174.1925224683957
| 84        | 1.024e+03 | False     | 79.94     | 0.7741    | 282.7     | 6.68e+03  |
Latitude: 44.63853819289043, Longitude: -164.34477106179506
| 85        | 1.024e+03 | False     | 116.8     | 14.92     | 304.1     | 6.886e+03 |
Latitude: -41.3365165955969, Longitude: 71.19935408005159
| 86        | 1.024e+03 | False     | 312.0     | 17.99     | 297.5     | 7.013e+03 |
Latitude: -13.23497825254656, Longitude: 17.02300842506977
| 87        | 1.024e+03 | False     | 35.55     | 6.052     | 253.3     | 6.915e+03 |
Latitude: 13.240614508538938, Longitude: -32.59540548795786
| 88        | 1.024e+03 | False     | 287.9     | -18.62    | 277.3     | 6.964e+03 |
Latitude: 16.695185454674366, Longitude: 161.14320684362576
| 89        | 1.024e+03 | False     | 93.49     | -9.717    | 227.6     | 6.809e+03 |
Latitude: -41.74384704569082, Longitude: -64.94429096324262
| 90        | 1.024e+03 | False     | 286.8     | -2.154    | 281.8     | 7.067e+03 |
Latitude: -77.41165387123785, Longitude: -115.6787611481339
| 91        | 1.024e+03 | False     | 108.1     | -14.28    | 324.5     | 6.888e+03 |
Latitude: -46.213081249401355, Longitude: -115.49141633766124
| 92        | 1.024e+03 | False     | 350.9     | 5.464     | 357.8     | 6.889e+03 |
Latitude: -48.091699624852914, Longitude: -85.63716194698895
| 93        | 1.024e+03 | False     | 189.5     | -14.58    | 128.1     | 6.681e+03 |
Latitude: -22.962608976814124, Longitude: -16.08203450475071
| 94        | 1.024e+03 | False     | 57.74     | 9.825     | 10.94     | 6.818e+03 |
Latitude: 61.88256895880176, Longitude: 22.949505654059067
| 95        | 1.024e+03 | False     | 310.4     | 7.707     | 248.7     | 6.746e+03 |
Latitude: -6.9628375365446304, Longitude: -9.103889191008534
| 96        | 1.024e+03 | False     | 159.1     | 3.263     | 356.3     | 6.753e+03 |
Latitude: 5.063608928650594, Longitude: 60.149583076450114
| 97        | 1.024e+03 | False     | 89.18     | -9.513    | 270.1     | 6.854e+03 |
Latitude: 19.155570441551923, Longitude: -20.01525233091934
| 98        | 1.024e+03 | False     | 20.49     | 0.3406    | 76.31     | 6.99e+03  |
Latitude: -2.6459066026393616, Longitude: -68.84897623013637
| 99        | 1.024e+03 | False     | 107.0     | -18.9     | 213.6     | 7.009e+03 |
Latitude: -32.20206880560385, Longitude: 157.9163379134883
| 100       | 1.024e+03 | False     | 137.2     | 9.994     | 184.0     | 6.887e+03 |
Latitude: -22.826640488970263, Longitude: -134.00730826368834
| 101       | 1.024e+03 | False     | 345.4     | 12.16     | 11.64     | 6.955e+03 |
Latitude: -50.99912974783439, Longitude: 100.48506428640152
| 102       | 1.024e+03 | False     | 167.4     | 17.9      | 79.72     | 6.778e+03 |
Latitude: -16.260176774569125, Longitude: 132.42726902098113
| 103       | 1.024e+03 | False     | 29.33     | -2.855    | 39.25     | 6.925e+03 |
Latitude: 78.35164299407818, Longitude: 116.01905296194582
| 104       | 1.024e+03 | False     | 289.1     | 7.872     | 275.8     | 6.808e+03 |
Latitude: -16.644842425481013, Longitude: 119.98144724901466
| 105       | 1.024e+03 | False     | 304.5     | -2.849    | 296.6     | 6.922e+03 |
Latitude: 49.93597135265717, Longitude: 153.3924507607513
| 106       | 1.024e+03 | False     | 51.63     | -16.86    | 6.6       | 6.698e+03 |
Latitude: -13.66266809277948, Longitude: -118.20288786749532
| 107       | 1.024e+03 | False     | 165.1     | -15.47    | 10.0      | 6.973e+03 |
Latitude: -25.987683396510477, Longitude: 38.01619660336898
| 108       | 1.024e+03 | False     | 142.1     | 9.878     | 162.9     | 6.851e+03 |
Latitude: -59.03400089796937, Longitude: -121.94333516125221
| 109       | 1.024e+03 | False     | 172.1     | -1.04     | 289.1     | 6.832e+03 |
Latitude: 18.70221564812218, Longitude: -30.19295296468016
| 110       | 1.024e+03 | False     | 325.7     | -18.52    | 278.6     | 6.721e+03 |
Latitude: -36.213092185194924, Longitude: 136.79499547843884
| 111       | 1.024e+03 | False     | 222.7     | -19.59    | 193.9     | 6.672e+03 |
Latitude: -26.73765739348505, Longitude: -135.33570909325016
| 112       | 1.024e+03 | False     | 342.4     | 16.22     | 286.5     | 7.037e+03 |
Latitude: -59.38759351618059, Longitude: -165.04093265664892
| 113       | 1.024e+03 | False     | 52.4      | -13.69    | 67.55     | 6.92e+03  |
Latitude: 39.43770159121111, Longitude: -163.9620298515248
| 114       | 1.024e+03 | False     | 326.1     | 19.6      | 256.0     | 6.964e+03 |
Latitude: 42.91598999830209, Longitude: -135.9266983863016
| 115       | 1.024e+03 | False     | 327.3     | -3.965    | 89.95     | 6.74e+03  |
Latitude: -3.5524249202974065, Longitude: 13.281734501802909
| 116       | 1.024e+03 | False     | 43.0      | 12.5      | 52.85     | 6.777e+03 |
Latitude: -65.3163824474306, Longitude: -64.58060833207003
| 117       | 1.024e+03 | False     | 294.9     | -7.577    | 353.7     | 6.778e+03 |
Latitude: -63.99356709034855, Longitude: -69.17296597072254
| 118       | 1.024e+03 | False     | 192.1     | -7.421    | 327.9     | 6.818e+03 |
Latitude: 26.14913845642909, Longitude: 119.48604623444618
| 119       | 1.024e+03 | False     | 156.1     | 0.4917    | 338.0     | 6.683e+03 |
Latitude: 3.855734813783336, Longitude: -98.75769584768
| 120       | 1.024e+03 | False     | 258.1     | 15.64     | 9.823     | 6.88e+03  |
Latitude: 61.651967215383394, Longitude: -0.3310170866521389
| 121       | 1.024e+03 | False     | 117.4     | 14.38     | 201.1     | 6.947e+03 |
Latitude: -47.565419220199914, Longitude: 38.90182593759048
| 122       | 1.024e+03 | False     | 163.0     | 5.132     | 104.4     | 6.675e+03 |
Latitude: -48.39569461393968, Longitude: -167.0285322367368
| 123       | 1.024e+03 | False     | 207.6     | -7.542    | 186.2     | 7.038e+03 |
Latitude: 33.75209172894464, Longitude: 100.39419386554512
| 124       | 1.024e+03 | False     | 153.5     | -10.1     | 133.7     | 7.044e+03 |
Latitude: 59.589939394072324, Longitude: 93.69614838145321
| 125       | 1.024e+03 | False     | 337.3     | 13.77     | 331.3     | 6.762e+03 |
Latitude: 60.53316834885384, Longitude: 153.44366230591905
| 126       | 1.024e+03 | False     | 31.49     | -10.91    | 113.2     | 6.741e+03 |
Latitude: 17.831186342395238, Longitude: 17.903087207887218
| 127       | 1.024e+03 | True      | 218.6     | -3.457    | 293.9     | 6.745e+03 |
Latitude: 53.95434249553839, Longitude: 51.23717212572047
| 128       | 1.024e+03 | False     | 252.7     | -10.39    | 206.7     | 6.811e+03 |
Latitude: 80.34756528870399, Longitude: 56.61241778536922
| 129       | 1.024e+03 | False     | 20.51     | -10.85    | 239.1     | 6.87e+03  |
Latitude: -23.5141408780172, Longitude: -155.77475914331055
| 130       | 1.024e+03 | False     | 186.8     | -13.01    | 205.5     | 7.07e+03  |
Latitude: -32.51879585722817, Longitude: -22.21612088668519
| 131       | 1.024e+03 | False     | 294.1     | 3.775     | 351.4     | 7.032e+03 |
Latitude: 8.386957269670143, Longitude: -28.070764843164
| 132       | 1.024e+03 | False     | 214.4     | -18.7     | 33.69     | 6.697e+03 |
Latitude: 58.15032799187426, Longitude: 137.00053830896255
| 133       | 1.024e+03 | False     | 162.6     | -4.983    | 351.1     | 6.738e+03 |
Latitude: -64.36130308388643, Longitude: 94.03398600110866
| 134       | 1.024e+03 | False     | 350.2     | 10.7      | 296.7     | 6.924e+03 |
Latitude: -51.72036523052325, Longitude: 138.480867804098
| 135       | 1.024e+03 | False     | 240.7     | -0.9247   | 4.729     | 6.812e+03 |
Latitude: 12.75030552289878, Longitude: 12.71956620312394
| 136       | 1.024e+03 | False     | 177.1     | 9.204     | 168.7     | 6.854e+03 |
Latitude: -40.26845974752259, Longitude: 26.478294659939696
| 137       | 1.024e+03 | False     | 49.56     | -19.56    | 273.0     | 6.799e+03 |
Latitude: 76.83501170485151, Longitude: 68.93422723322482
| 138       | 1.024e+03 | False     | 354.4     | -11.19    | 121.9     | 6.881e+03 |
Latitude: -72.66937027896343, Longitude: -127.0969323038079
| 139       | 1.024e+03 | False     | 271.8     | -1.446    | 44.94     | 6.796e+03 |
Latitude: 35.60558669253257, Longitude: -112.86977951155501
| 140       | 1.024e+03 | False     | 181.6     | 6.954     | 277.3     | 6.723e+03 |
Latitude: 37.50691153969312, Longitude: -25.968912703611863
| 141       | 1.024e+03 | False     | 8.249     | 0.7633    | 291.6     | 6.676e+03 |
Latitude: 47.413072431944514, Longitude: -132.75680758337592
| 142       | 1.024e+03 | False     | 242.1     | 7.472     | 161.7     | 7.037e+03 |
Latitude: -43.60250605279782, Longitude: -140.41485534360393
| 143       | 1.024e+03 | False     | 232.0     | -19.79    | 174.4     | 7.015e+03 |
Latitude: -18.024390657257364, Longitude: 117.81191848546783
| 144       | 1.024e+03 | False     | 298.9     | 5.966     | 242.5     | 6.902e+03 |
Latitude: 40.90776152193421, Longitude: -102.7697092784615
| 145       | 1.024e+03 | False     | 98.68     | 2.421     | 241.8     | 6.812e+03 |
Latitude: 20.836661106426657, Longitude: 160.9829820630191
| 146       | 1.024e+03 | False     | 308.1     | -12.2     | 269.0     | 6.787e+03 |
Latitude: -14.290722066047735, Longitude: 178.6082846770081
| 147       | 1.024e+03 | False     | 278.6     | -2.891    | 290.8     | 6.812e+03 |
Latitude: -57.40507466114254, Longitude: -114.06809835945069
